<?xml version="1.0" encoding="UTF-8"?>
<!-- Generated by org.testng.reporters.JUnitXMLReporter -->
<testsuite ignored="5" hostname="Harneets-MacBook-Pro.local" failures="0" tests="1" name="Default test" time="20.755" errors="0" timestamp="2023-12-04T17:12:33 EST">
  <testcase classname="com.andr.tests.DemoAppTest" name="clickOnWebView" time="10.833"/>
  <testcase classname="com.andr.tests.DemoAppTest" name="clickQRCodePermitOnce" time="0.0">
    <ignored/>
  </testcase> <!-- clickQRCodePermitOnce -->
  <testcase classname="com.andr.tests.DemoAppTest" name="clickLogin" time="0.0">
    <ignored/>
  </testcase> <!-- clickLogin -->
  <testcase classname="com.andr.tests.DemoAppTest" name="clickGeoAllowOnce" time="0.0">
    <ignored/>
  </testcase> <!-- clickGeoAllowOnce -->
  <testcase classname="com.andr.tests.DemoAppTest" name="clickOnQRCodeNoPermission" time="0.0">
    <ignored/>
  </testcase> <!-- clickOnQRCodeNoPermission -->
  <testcase classname="com.andr.tests.DemoAppTest" name="clickOnDrawing" time="0.0">
    <ignored/>
  </testcase> <!-- clickOnDrawing -->
</testsuite> <!-- Default test -->
