<?xml version="1.0" encoding="UTF-8"?>
<!-- Generated by org.testng.reporters.JUnitXMLReporter -->
<testsuite ignored="0" hostname="Harneets-MacBook-Pro.local" failures="0" tests="6" name="Command line test" time="67.581" errors="0" timestamp="2023-12-04T15:14:23 EST">
  <testcase classname="com.andr.tests.DemoAppTest" name="clickGeoAllowOnce" time="4.883"/>
  <testcase classname="com.andr.tests.DemoAppTest" name="clickLogin" time="5.175"/>
  <testcase classname="com.andr.tests.DemoAppTest" name="clickOnDrawing" time="2.427"/>
  <testcase classname="com.andr.tests.DemoAppTest" name="clickOnQRCodeNoPermission" time="3.736"/>
  <testcase classname="com.andr.tests.DemoAppTest" name="clickOnWebView" time="10.81"/>
  <testcase classname="com.andr.tests.DemoAppTest" name="clickQRCodePermitOnce" time="4.124"/>
</testsuite> <!-- Command line test -->
