<?xml version="1.0" encoding="UTF-8" ?>
<testsuite tests="6" failures="0" name="com.andr.tests.DemoAppTest" time="31.175" errors="0" skipped="0">
  <properties>
[...]
</properties>
  <testcase classname="com.andr.tests.DemoAppTest" name="clickGeoAllowOnce" time="4.892"/>
  <testcase classname="com.andr.tests.DemoAppTest" name="clickLogin" time="5.176"/>
  <testcase classname="com.andr.tests.DemoAppTest" name="clickOnDrawing" time="2.428"/>
  <testcase classname="com.andr.tests.DemoAppTest" name="clickOnQRCodeNoPermission" time="3.737"/>
  <testcase classname="com.andr.tests.DemoAppTest" name="clickOnWebView" time="10.811"/>
  <testcase classname="com.andr.tests.DemoAppTest" name="clickQRCodePermitOnce" time="4.131"/>
</testsuite>