<?xml version="1.0" encoding="UTF-8"?>
<testng-results ignored="5" total="6" passed="1" failed="0" skipped="0">
  <reporter-output>
  </reporter-output>
  <suite started-at="2023-12-04T17:12:12 EST" name="Default suite" finished-at="2023-12-04T17:12:33 EST" duration-ms="20755">
    <groups>
    </groups>
    <test started-at="2023-12-04T17:12:12 EST" name="Default test" finished-at="2023-12-04T17:12:33 EST" duration-ms="20755">
      <class name="com.andr.tests.DemoAppTest">
        <test-method is-config="true" signature="setUp()[pri:0, instance:com.andr.tests.DemoAppTest@41e36e46]" started-at="2023-12-04T17:12:12 EST" name="setUp" finished-at="2023-12-04T17:12:22 EST" duration-ms="9884" status="PASS">
          <reporter-output>
          </reporter-output>
        </test-method> <!-- setUp -->
        <test-method signature="clickOnWebView()[pri:0, instance:com.andr.tests.DemoAppTest@41e36e46]" started-at="2023-12-04T17:12:22 EST" name="clickOnWebView" finished-at="2023-12-04T17:12:33 EST" duration-ms="10833" status="PASS">
          <reporter-output>
          </reporter-output>
        </test-method> <!-- clickOnWebView -->
      </class> <!-- com.andr.tests.DemoAppTest -->
    </test> <!-- Default test -->
  </suite> <!-- Default suite -->
</testng-results>
