<?xml version="1.0" encoding="UTF-8"?>
<testng-results ignored="5" total="6" passed="0" failed="0" skipped="1">
  <reporter-output>
  </reporter-output>
  <suite started-at="2024-05-06T12:17:35 EDT" name="Default suite" finished-at="2024-05-06T12:17:36 EDT" duration-ms="962">
    <groups>
    </groups>
    <test started-at="2024-05-06T12:17:35 EDT" name="Default test" finished-at="2024-05-06T12:17:36 EDT" duration-ms="962">
      <class name="com.andr.tests.DemoAppTest">
        <test-method is-config="true" signature="startAppiumServer()[pri:0, instance:com.andr.tests.DemoAppTest@5a45133e]" started-at="2024-05-06T12:17:33 EDT" name="startAppiumServer" finished-at="2024-05-06T12:17:35 EDT" duration-ms="2102" status="PASS">
          <reporter-output>
          </reporter-output>
        </test-method> <!-- startAppiumServer -->
        <test-method is-config="true" signature="setUp()[pri:0, instance:com.andr.tests.DemoAppTest@5a45133e]" started-at="2024-05-06T12:17:35 EDT" name="setUp" finished-at="2024-05-06T12:17:36 EDT" duration-ms="917" status="FAIL">
          <exception class="org.openqa.selenium.SessionNotCreatedException">
            <message>
              <![CDATA[Could not start a new session. Response code 404. Message: The requested resource could not be found, or a request was received using an HTTP method that is not supported by the mapped resource 
Host info: host: 'Harneets-MacBook-Pro.local', ip: 'fe80:0:0:0:14fc:5791:7367:9816%en0'
Build info: version: '4.13.0', revision: 'ba948ece5b*'
System info: os.name: 'Mac OS X', os.arch: 'x86_64', os.version: '14.4.1', java.version: '17.0.5'
Driver info: io.appium.java_client.AppiumDriver
Command: [null, newSession {capabilities=[{appium:deviceName=pixel_6_pro, platformName=ANDROID, appium:automationName=UiAutomator2, appium:app=/Users/harneetkaur/eclipse-workspace/MobileAutomationJavaClient8/app/Android-MyDemoAppRN.1.3.0.build-244.apk, appium:platformVersion=14.0}], desiredCapabilities=Capabilities {appium:app: /Users/harneetkaur/eclipse-..., appium:automationName: UiAutomator2, appium:deviceName: pixel_6_pro, appium:platformVersion: 14.0, platformName: ANDROID}}]
Capabilities {appium:app: /Users/harneetkaur/eclipse-..., appium:automationName: UiAutomator2, appium:deviceName: pixel_6_pro, appium:platformVersion: 14.0, platformName: ANDROID}]]>
            </message>
            <full-stacktrace>
              <![CDATA[org.openqa.selenium.SessionNotCreatedException: Could not start a new session. Response code 404. Message: The requested resource could not be found, or a request was received using an HTTP method that is not supported by the mapped resource 
Host info: host: 'Harneets-MacBook-Pro.local', ip: 'fe80:0:0:0:14fc:5791:7367:9816%en0'
Build info: version: '4.13.0', revision: 'ba948ece5b*'
System info: os.name: 'Mac OS X', os.arch: 'x86_64', os.version: '14.4.1', java.version: '17.0.5'
Driver info: io.appium.java_client.AppiumDriver
Command: [null, newSession {capabilities=[{appium:deviceName=pixel_6_pro, platformName=ANDROID, appium:automationName=UiAutomator2, appium:app=/Users/harneetkaur/eclipse-workspace/MobileAutomationJavaClient8/app/Android-MyDemoAppRN.1.3.0.build-244.apk, appium:platformVersion=14.0}], desiredCapabilities=Capabilities {appium:app: /Users/harneetkaur/eclipse-..., appium:automationName: UiAutomator2, appium:deviceName: pixel_6_pro, appium:platformVersion: 14.0, platformName: ANDROID}}]
Capabilities {appium:app: /Users/harneetkaur/eclipse-..., appium:automationName: UiAutomator2, appium:deviceName: pixel_6_pro, appium:platformVersion: 14.0, platformName: ANDROID}
at org.openqa.selenium.remote.ProtocolHandshake.createSession(ProtocolHandshake.java:140)
at java.base/jdk.internal.reflect.NativeMethodAccessorImpl.invoke0(Native Method)
at java.base/jdk.internal.reflect.NativeMethodAccessorImpl.invoke(NativeMethodAccessorImpl.java:77)
at java.base/jdk.internal.reflect.DelegatingMethodAccessorImpl.invoke(DelegatingMethodAccessorImpl.java:43)
at java.base/java.lang.reflect.Method.invoke(Method.java:568)
at io.appium.java_client.remote.AppiumProtocolHandshake.createSession(AppiumProtocolHandshake.java:133)
at io.appium.java_client.remote.AppiumProtocolHandshake.createSession(AppiumProtocolHandshake.java:102)
at io.appium.java_client.remote.AppiumCommandExecutor.createSession(AppiumCommandExecutor.java:182)
at io.appium.java_client.remote.AppiumCommandExecutor.execute(AppiumCommandExecutor.java:250)
at org.openqa.selenium.remote.RemoteWebDriver.execute(RemoteWebDriver.java:602)
at io.appium.java_client.AppiumDriver.startSession(AppiumDriver.java:274)
at org.openqa.selenium.remote.RemoteWebDriver.<init>(RemoteWebDriver.java:163)
at io.appium.java_client.AppiumDriver.<init>(AppiumDriver.java:89)
at io.appium.java_client.AppiumDriver.<init>(AppiumDriver.java:101)
at com.android.base.Andr_BaseTest.launchAndroidApp(Andr_BaseTest.java:33)
at com.andr.tests.DemoAppTest.setUp(DemoAppTest.java:45)
at java.base/jdk.internal.reflect.NativeMethodAccessorImpl.invoke0(Native Method)
at java.base/jdk.internal.reflect.NativeMethodAccessorImpl.invoke(NativeMethodAccessorImpl.java:77)
at java.base/jdk.internal.reflect.DelegatingMethodAccessorImpl.invoke(DelegatingMethodAccessorImpl.java:43)
at java.base/java.lang.reflect.Method.invoke(Method.java:568)
at org.testng.internal.invokers.MethodInvocationHelper.invokeMethod(MethodInvocationHelper.java:135)
at org.testng.internal.invokers.MethodInvocationHelper.invokeMethodConsideringTimeout(MethodInvocationHelper.java:65)
at org.testng.internal.invokers.ConfigInvoker.invokeConfigurationMethod(ConfigInvoker.java:381)
at org.testng.internal.invokers.ConfigInvoker.invokeConfigurations(ConfigInvoker.java:319)
at org.testng.internal.invokers.TestInvoker.runConfigMethods(TestInvoker.java:803)
at org.testng.internal.invokers.TestInvoker.invokeMethod(TestInvoker.java:589)
at org.testng.internal.invokers.TestInvoker.invokeTestMethod(TestInvoker.java:220)
at org.testng.internal.invokers.MethodRunner.runInSequence(MethodRunner.java:50)
at org.testng.internal.invokers.TestInvoker$MethodInvocationAgent.invoke(TestInvoker.java:945)
at org.testng.internal.invokers.TestInvoker.invokeTestMethods(TestInvoker.java:193)
at org.testng.internal.invokers.TestMethodWorker.invokeTestMethods(TestMethodWorker.java:146)
at org.testng.internal.invokers.TestMethodWorker.run(TestMethodWorker.java:128)
at java.base/java.util.ArrayList.forEach(ArrayList.java:1511)
at org.testng.TestRunner.privateRun(TestRunner.java:808)
at org.testng.TestRunner.run(TestRunner.java:603)
at org.testng.SuiteRunner.runTest(SuiteRunner.java:429)
at org.testng.SuiteRunner.runSequentially(SuiteRunner.java:423)
at org.testng.SuiteRunner.privateRun(SuiteRunner.java:383)
at org.testng.SuiteRunner.run(SuiteRunner.java:326)
at org.testng.SuiteRunnerWorker.runSuite(SuiteRunnerWorker.java:52)
at org.testng.SuiteRunnerWorker.run(SuiteRunnerWorker.java:95)
at org.testng.TestNG.runSuitesSequentially(TestNG.java:1249)
at org.testng.TestNG.runSuitesLocally(TestNG.java:1169)
at org.testng.TestNG.runSuites(TestNG.java:1092)
at org.testng.TestNG.run(TestNG.java:1060)
at org.testng.remote.AbstractRemoteTestNG.run(AbstractRemoteTestNG.java:115)
at org.testng.remote.RemoteTestNG.initAndRun(RemoteTestNG.java:251)
at org.testng.remote.RemoteTestNG.main(RemoteTestNG.java:77)
]]>
            </full-stacktrace>
          </exception> <!-- org.openqa.selenium.SessionNotCreatedException -->
          <reporter-output>
          </reporter-output>
        </test-method> <!-- setUp -->
        <test-method signature="clickOnWebView()[pri:0, instance:com.andr.tests.DemoAppTest@5a45133e]" started-at="2024-05-06T12:17:36 EDT" name="clickOnWebView" finished-at="2024-05-06T12:17:36 EDT" duration-ms="0" status="SKIP">
          <exception class="org.openqa.selenium.SessionNotCreatedException">
            <message>
              <![CDATA[Could not start a new session. Response code 404. Message: The requested resource could not be found, or a request was received using an HTTP method that is not supported by the mapped resource 
Host info: host: 'Harneets-MacBook-Pro.local', ip: 'fe80:0:0:0:14fc:5791:7367:9816%en0'
Build info: version: '4.13.0', revision: 'ba948ece5b*'
System info: os.name: 'Mac OS X', os.arch: 'x86_64', os.version: '14.4.1', java.version: '17.0.5'
Driver info: io.appium.java_client.AppiumDriver
Command: [null, newSession {capabilities=[{appium:deviceName=pixel_6_pro, platformName=ANDROID, appium:automationName=UiAutomator2, appium:app=/Users/harneetkaur/eclipse-workspace/MobileAutomationJavaClient8/app/Android-MyDemoAppRN.1.3.0.build-244.apk, appium:platformVersion=14.0}], desiredCapabilities=Capabilities {appium:app: /Users/harneetkaur/eclipse-..., appium:automationName: UiAutomator2, appium:deviceName: pixel_6_pro, appium:platformVersion: 14.0, platformName: ANDROID}}]
Capabilities {appium:app: /Users/harneetkaur/eclipse-..., appium:automationName: UiAutomator2, appium:deviceName: pixel_6_pro, appium:platformVersion: 14.0, platformName: ANDROID}]]>
            </message>
            <full-stacktrace>
              <![CDATA[org.openqa.selenium.SessionNotCreatedException: Could not start a new session. Response code 404. Message: The requested resource could not be found, or a request was received using an HTTP method that is not supported by the mapped resource 
Host info: host: 'Harneets-MacBook-Pro.local', ip: 'fe80:0:0:0:14fc:5791:7367:9816%en0'
Build info: version: '4.13.0', revision: 'ba948ece5b*'
System info: os.name: 'Mac OS X', os.arch: 'x86_64', os.version: '14.4.1', java.version: '17.0.5'
Driver info: io.appium.java_client.AppiumDriver
Command: [null, newSession {capabilities=[{appium:deviceName=pixel_6_pro, platformName=ANDROID, appium:automationName=UiAutomator2, appium:app=/Users/harneetkaur/eclipse-workspace/MobileAutomationJavaClient8/app/Android-MyDemoAppRN.1.3.0.build-244.apk, appium:platformVersion=14.0}], desiredCapabilities=Capabilities {appium:app: /Users/harneetkaur/eclipse-..., appium:automationName: UiAutomator2, appium:deviceName: pixel_6_pro, appium:platformVersion: 14.0, platformName: ANDROID}}]
Capabilities {appium:app: /Users/harneetkaur/eclipse-..., appium:automationName: UiAutomator2, appium:deviceName: pixel_6_pro, appium:platformVersion: 14.0, platformName: ANDROID}
at org.openqa.selenium.remote.ProtocolHandshake.createSession(ProtocolHandshake.java:140)
at java.base/jdk.internal.reflect.NativeMethodAccessorImpl.invoke0(Native Method)
at java.base/jdk.internal.reflect.NativeMethodAccessorImpl.invoke(NativeMethodAccessorImpl.java:77)
at java.base/jdk.internal.reflect.DelegatingMethodAccessorImpl.invoke(DelegatingMethodAccessorImpl.java:43)
at java.base/java.lang.reflect.Method.invoke(Method.java:568)
at io.appium.java_client.remote.AppiumProtocolHandshake.createSession(AppiumProtocolHandshake.java:133)
at io.appium.java_client.remote.AppiumProtocolHandshake.createSession(AppiumProtocolHandshake.java:102)
at io.appium.java_client.remote.AppiumCommandExecutor.createSession(AppiumCommandExecutor.java:182)
at io.appium.java_client.remote.AppiumCommandExecutor.execute(AppiumCommandExecutor.java:250)
at org.openqa.selenium.remote.RemoteWebDriver.execute(RemoteWebDriver.java:602)
at io.appium.java_client.AppiumDriver.startSession(AppiumDriver.java:274)
at org.openqa.selenium.remote.RemoteWebDriver.<init>(RemoteWebDriver.java:163)
at io.appium.java_client.AppiumDriver.<init>(AppiumDriver.java:89)
at io.appium.java_client.AppiumDriver.<init>(AppiumDriver.java:101)
at com.android.base.Andr_BaseTest.launchAndroidApp(Andr_BaseTest.java:33)
at com.andr.tests.DemoAppTest.setUp(DemoAppTest.java:45)
at java.base/jdk.internal.reflect.NativeMethodAccessorImpl.invoke0(Native Method)
at java.base/jdk.internal.reflect.NativeMethodAccessorImpl.invoke(NativeMethodAccessorImpl.java:77)
at java.base/jdk.internal.reflect.DelegatingMethodAccessorImpl.invoke(DelegatingMethodAccessorImpl.java:43)
at java.base/java.lang.reflect.Method.invoke(Method.java:568)
at org.testng.internal.invokers.MethodInvocationHelper.invokeMethod(MethodInvocationHelper.java:135)
at org.testng.internal.invokers.MethodInvocationHelper.invokeMethodConsideringTimeout(MethodInvocationHelper.java:65)
at org.testng.internal.invokers.ConfigInvoker.invokeConfigurationMethod(ConfigInvoker.java:381)
at org.testng.internal.invokers.ConfigInvoker.invokeConfigurations(ConfigInvoker.java:319)
at org.testng.internal.invokers.TestInvoker.runConfigMethods(TestInvoker.java:803)
at org.testng.internal.invokers.TestInvoker.invokeMethod(TestInvoker.java:589)
at org.testng.internal.invokers.TestInvoker.invokeTestMethod(TestInvoker.java:220)
at org.testng.internal.invokers.MethodRunner.runInSequence(MethodRunner.java:50)
at org.testng.internal.invokers.TestInvoker$MethodInvocationAgent.invoke(TestInvoker.java:945)
at org.testng.internal.invokers.TestInvoker.invokeTestMethods(TestInvoker.java:193)
at org.testng.internal.invokers.TestMethodWorker.invokeTestMethods(TestMethodWorker.java:146)
at org.testng.internal.invokers.TestMethodWorker.run(TestMethodWorker.java:128)
at java.base/java.util.ArrayList.forEach(ArrayList.java:1511)
at org.testng.TestRunner.privateRun(TestRunner.java:808)
at org.testng.TestRunner.run(TestRunner.java:603)
at org.testng.SuiteRunner.runTest(SuiteRunner.java:429)
at org.testng.SuiteRunner.runSequentially(SuiteRunner.java:423)
at org.testng.SuiteRunner.privateRun(SuiteRunner.java:383)
at org.testng.SuiteRunner.run(SuiteRunner.java:326)
at org.testng.SuiteRunnerWorker.runSuite(SuiteRunnerWorker.java:52)
at org.testng.SuiteRunnerWorker.run(SuiteRunnerWorker.java:95)
at org.testng.TestNG.runSuitesSequentially(TestNG.java:1249)
at org.testng.TestNG.runSuitesLocally(TestNG.java:1169)
at org.testng.TestNG.runSuites(TestNG.java:1092)
at org.testng.TestNG.run(TestNG.java:1060)
at org.testng.remote.AbstractRemoteTestNG.run(AbstractRemoteTestNG.java:115)
at org.testng.remote.RemoteTestNG.initAndRun(RemoteTestNG.java:251)
at org.testng.remote.RemoteTestNG.main(RemoteTestNG.java:77)
]]>
            </full-stacktrace>
          </exception> <!-- org.openqa.selenium.SessionNotCreatedException -->
          <reporter-output>
          </reporter-output>
        </test-method> <!-- clickOnWebView -->
        <test-method is-config="true" signature="tearDownServer()[pri:0, instance:com.andr.tests.DemoAppTest@5a45133e]" started-at="2024-05-06T12:17:37 EDT" name="tearDownServer" finished-at="2024-05-06T12:17:37 EDT" duration-ms="0" status="SKIP">
          <reporter-output>
          </reporter-output>
        </test-method> <!-- tearDownServer -->
      </class> <!-- com.andr.tests.DemoAppTest -->
    </test> <!-- Default test -->
  </suite> <!-- Default suite -->
</testng-results>
